30-Aug-23 15:46 - Internal Server Error: /
Traceback (most recent call last):
  File "C:\Users\abdulhamid.abbad\Documents\Programming\myworld\Lib\site-packages\django\core\handlers\exception.py", line 55, in inner
    response = get_response(request)
               ^^^^^^^^^^^^^^^^^^^^^
  File "C:\Users\abdulhamid.abbad\Documents\Programming\myworld\Lib\site-packages\django\core\handlers\base.py", line 197, in _get_response
    response = wrapped_callback(request, *callback_args, **callback_kwargs)
               ^^^^^^^^^^^^^^^^^^^^^^^^^^^^^^^^^^^^^^^^^^^^^^^^^^^^^^^^^^^^
  File "C:\Users\abdulhamid.abbad\Documents\Programming\myworld\Movies\MoviesList\views.py", line 21, in movies_list
    return render(request, 'movies_list.html', moviesObj)
           ^^^^^^^^^^^^^^^^^^^^^^^^^^^^^^^^^^^^^^^^^^^^^^
  File "C:\Users\abdulhamid.abbad\Documents\Programming\myworld\Lib\site-packages\django\shortcuts.py", line 24, in render
    content = loader.render_to_string(template_name, context, request, using=using)
              ^^^^^^^^^^^^^^^^^^^^^^^^^^^^^^^^^^^^^^^^^^^^^^^^^^^^^^^^^^^^^^^^^^^^^
  File "C:\Users\abdulhamid.abbad\Documents\Programming\myworld\Lib\site-packages\django\template\loader.py", line 62, in render_to_string
    return template.render(context, request)
           ^^^^^^^^^^^^^^^^^^^^^^^^^^^^^^^^^
  File "C:\Users\abdulhamid.abbad\Documents\Programming\myworld\Lib\site-packages\django\template\backends\django.py", line 57, in render
    context = make_context(
              ^^^^^^^^^^^^^
  File "C:\Users\abdulhamid.abbad\Documents\Programming\myworld\Lib\site-packages\django\template\context.py", line 278, in make_context
    raise TypeError(
TypeError: context must be a dict rather than QuerySet.
30-Aug-23 15:46 - Not Found: /favicon.ico
30-Aug-23 15:52 - C:\Users\abdulhamid.abbad\Documents\Programming\myworld\Movies\MoviesList\views.py changed, reloading.
30-Aug-23 15:52 - C:\Users\abdulhamid.abbad\Documents\Programming\myworld\Movies\MoviesList\views.py changed, reloading.
30-Aug-23 15:53 - C:\Users\abdulhamid.abbad\Documents\Programming\myworld\Movies\MoviesList\views.py changed, reloading.
30-Aug-23 15:53 - C:\Users\abdulhamid.abbad\Documents\Programming\myworld\Movies\MoviesList\views.py changed, reloading.
30-Aug-23 15:54 - C:\Users\abdulhamid.abbad\Documents\Programming\myworld\Movies\MoviesList\views.py changed, reloading.
30-Aug-23 15:54 - C:\Users\abdulhamid.abbad\Documents\Programming\myworld\Movies\MoviesList\views.py changed, reloading.
30-Aug-23 15:54 - C:\Users\abdulhamid.abbad\Documents\Programming\myworld\Movies\MoviesList\views.py changed, reloading.
30-Aug-23 15:54 - C:\Users\abdulhamid.abbad\Documents\Programming\myworld\Movies\MoviesList\views.py changed, reloading.
30-Aug-23 15:54 - C:\Users\abdulhamid.abbad\Documents\Programming\myworld\Movies\MoviesList\views.py changed, reloading.
30-Aug-23 15:55 - C:\Users\abdulhamid.abbad\Documents\Programming\myworld\Movies\MoviesList\views.py changed, reloading.
30-Aug-23 15:55 - C:\Users\abdulhamid.abbad\Documents\Programming\myworld\Movies\MoviesList\views.py changed, reloading.
30-Aug-23 15:55 - C:\Users\abdulhamid.abbad\Documents\Programming\myworld\Movies\MoviesList\views.py changed, reloading.
30-Aug-23 15:55 - C:\Users\abdulhamid.abbad\Documents\Programming\myworld\Movies\MoviesList\views.py changed, reloading.
30-Aug-23 15:55 - C:\Users\abdulhamid.abbad\Documents\Programming\myworld\Movies\MoviesList\views.py changed, reloading.
30-Aug-23 15:55 - C:\Users\abdulhamid.abbad\Documents\Programming\myworld\Movies\MoviesList\views.py changed, reloading.
30-Aug-23 15:55 - C:\Users\abdulhamid.abbad\Documents\Programming\myworld\Movies\MoviesList\views.py changed, reloading.
31-Aug-23 15:38 - Not Found: /favicon.ico
03-Sep-23 10:48 - Internal Server Error: /
Traceback (most recent call last):
  File "C:\Users\abdulhamid.abbad\Documents\Programming\myworld\Lib\site-packages\django\template\base.py", line 505, in parse
    compile_func = self.tags[command]
                   ~~~~~~~~~^^^^^^^^^
KeyError: 'endblock'

During handling of the above exception, another exception occurred:

Traceback (most recent call last):
  File "C:\Users\abdulhamid.abbad\Documents\Programming\myworld\Lib\site-packages\django\core\handlers\exception.py", line 55, in inner
    response = get_response(request)
               ^^^^^^^^^^^^^^^^^^^^^
  File "C:\Users\abdulhamid.abbad\Documents\Programming\myworld\Lib\site-packages\django\core\handlers\base.py", line 197, in _get_response
    response = wrapped_callback(request, *callback_args, **callback_kwargs)
               ^^^^^^^^^^^^^^^^^^^^^^^^^^^^^^^^^^^^^^^^^^^^^^^^^^^^^^^^^^^^
  File "C:\Users\abdulhamid.abbad\Documents\Programming\myworld\Movies\MoviesList\views.py", line 25, in movies_list
    return render(request, 'movies_list.html', context)
           ^^^^^^^^^^^^^^^^^^^^^^^^^^^^^^^^^^^^^^^^^^^^
  File "C:\Users\abdulhamid.abbad\Documents\Programming\myworld\Lib\site-packages\django\shortcuts.py", line 24, in render
    content = loader.render_to_string(template_name, context, request, using=using)
              ^^^^^^^^^^^^^^^^^^^^^^^^^^^^^^^^^^^^^^^^^^^^^^^^^^^^^^^^^^^^^^^^^^^^^
  File "C:\Users\abdulhamid.abbad\Documents\Programming\myworld\Lib\site-packages\django\template\loader.py", line 62, in render_to_string
    return template.render(context, request)
           ^^^^^^^^^^^^^^^^^^^^^^^^^^^^^^^^^
  File "C:\Users\abdulhamid.abbad\Documents\Programming\myworld\Lib\site-packages\django\template\backends\django.py", line 61, in render
    return self.template.render(context)
           ^^^^^^^^^^^^^^^^^^^^^^^^^^^^^
  File "C:\Users\abdulhamid.abbad\Documents\Programming\myworld\Lib\site-packages\django\template\base.py", line 175, in render
    return self._render(context)
           ^^^^^^^^^^^^^^^^^^^^^
  File "C:\Users\abdulhamid.abbad\Documents\Programming\myworld\Lib\site-packages\django\template\base.py", line 167, in _render
    return self.nodelist.render(context)
           ^^^^^^^^^^^^^^^^^^^^^^^^^^^^^
  File "C:\Users\abdulhamid.abbad\Documents\Programming\myworld\Lib\site-packages\django\template\base.py", line 1005, in render
    return SafeString("".join([node.render_annotated(context) for node in self]))
                              ^^^^^^^^^^^^^^^^^^^^^^^^^^^^^^^^^^^^^^^^^^^^^^^^^
  File "C:\Users\abdulhamid.abbad\Documents\Programming\myworld\Lib\site-packages\django\template\base.py", line 1005, in <listcomp>
    return SafeString("".join([node.render_annotated(context) for node in self]))
                               ^^^^^^^^^^^^^^^^^^^^^^^^^^^^^^
  File "C:\Users\abdulhamid.abbad\Documents\Programming\myworld\Lib\site-packages\django\template\base.py", line 966, in render_annotated
    return self.render(context)
           ^^^^^^^^^^^^^^^^^^^^
  File "C:\Users\abdulhamid.abbad\Documents\Programming\myworld\Lib\site-packages\django\template\loader_tags.py", line 132, in render
    compiled_parent = self.get_parent(context)
                      ^^^^^^^^^^^^^^^^^^^^^^^^
  File "C:\Users\abdulhamid.abbad\Documents\Programming\myworld\Lib\site-packages\django\template\loader_tags.py", line 129, in get_parent
    return self.find_template(parent, context)
           ^^^^^^^^^^^^^^^^^^^^^^^^^^^^^^^^^^^
  File "C:\Users\abdulhamid.abbad\Documents\Programming\myworld\Lib\site-packages\django\template\loader_tags.py", line 107, in find_template
    template, origin = context.template.engine.find_template(
                       ^^^^^^^^^^^^^^^^^^^^^^^^^^^^^^^^^^^^^^
  File "C:\Users\abdulhamid.abbad\Documents\Programming\myworld\Lib\site-packages\django\template\engine.py", line 157, in find_template
    template = loader.get_template(name, skip=skip)
               ^^^^^^^^^^^^^^^^^^^^^^^^^^^^^^^^^^^^
  File "C:\Users\abdulhamid.abbad\Documents\Programming\myworld\Lib\site-packages\django\template\loaders\cached.py", line 57, in get_template
    template = super().get_template(template_name, skip)
               ^^^^^^^^^^^^^^^^^^^^^^^^^^^^^^^^^^^^^^^^^
  File "C:\Users\abdulhamid.abbad\Documents\Programming\myworld\Lib\site-packages\django\template\loaders\base.py", line 28, in get_template
    return Template(
           ^^^^^^^^^
  File "C:\Users\abdulhamid.abbad\Documents\Programming\myworld\Lib\site-packages\django\template\base.py", line 154, in __init__
    self.nodelist = self.compile_nodelist()
                    ^^^^^^^^^^^^^^^^^^^^^^^
  File "C:\Users\abdulhamid.abbad\Documents\Programming\myworld\Lib\site-packages\django\template\base.py", line 200, in compile_nodelist
    return parser.parse()
           ^^^^^^^^^^^^^^
  File "C:\Users\abdulhamid.abbad\Documents\Programming\myworld\Lib\site-packages\django\template\base.py", line 507, in parse
    self.invalid_block_tag(token, command, parse_until)
  File "C:\Users\abdulhamid.abbad\Documents\Programming\myworld\Lib\site-packages\django\template\base.py", line 568, in invalid_block_tag
    raise self.error(
django.template.exceptions.TemplateSyntaxError: Invalid block tag on line 47: 'endblock'. Did you forget to register or load this tag?
03-Sep-23 10:51 - Internal Server Error: /
Traceback (most recent call last):
  File "C:\Users\abdulhamid.abbad\Documents\Programming\myworld\Lib\site-packages\django\template\base.py", line 505, in parse
    compile_func = self.tags[command]
                   ~~~~~~~~~^^^^^^^^^
KeyError: 'endblock'

During handling of the above exception, another exception occurred:

Traceback (most recent call last):
  File "C:\Users\abdulhamid.abbad\Documents\Programming\myworld\Lib\site-packages\django\core\handlers\exception.py", line 55, in inner
    response = get_response(request)
               ^^^^^^^^^^^^^^^^^^^^^
  File "C:\Users\abdulhamid.abbad\Documents\Programming\myworld\Lib\site-packages\django\core\handlers\base.py", line 197, in _get_response
    response = wrapped_callback(request, *callback_args, **callback_kwargs)
               ^^^^^^^^^^^^^^^^^^^^^^^^^^^^^^^^^^^^^^^^^^^^^^^^^^^^^^^^^^^^
  File "C:\Users\abdulhamid.abbad\Documents\Programming\myworld\Movies\MoviesList\views.py", line 25, in movies_list
    return render(request, 'movies_list.html', context)
           ^^^^^^^^^^^^^^^^^^^^^^^^^^^^^^^^^^^^^^^^^^^^
  File "C:\Users\abdulhamid.abbad\Documents\Programming\myworld\Lib\site-packages\django\shortcuts.py", line 24, in render
    content = loader.render_to_string(template_name, context, request, using=using)
              ^^^^^^^^^^^^^^^^^^^^^^^^^^^^^^^^^^^^^^^^^^^^^^^^^^^^^^^^^^^^^^^^^^^^^
  File "C:\Users\abdulhamid.abbad\Documents\Programming\myworld\Lib\site-packages\django\template\loader.py", line 62, in render_to_string
    return template.render(context, request)
           ^^^^^^^^^^^^^^^^^^^^^^^^^^^^^^^^^
  File "C:\Users\abdulhamid.abbad\Documents\Programming\myworld\Lib\site-packages\django\template\backends\django.py", line 61, in render
    return self.template.render(context)
           ^^^^^^^^^^^^^^^^^^^^^^^^^^^^^
  File "C:\Users\abdulhamid.abbad\Documents\Programming\myworld\Lib\site-packages\django\template\base.py", line 175, in render
    return self._render(context)
           ^^^^^^^^^^^^^^^^^^^^^
  File "C:\Users\abdulhamid.abbad\Documents\Programming\myworld\Lib\site-packages\django\template\base.py", line 167, in _render
    return self.nodelist.render(context)
           ^^^^^^^^^^^^^^^^^^^^^^^^^^^^^
  File "C:\Users\abdulhamid.abbad\Documents\Programming\myworld\Lib\site-packages\django\template\base.py", line 1005, in render
    return SafeString("".join([node.render_annotated(context) for node in self]))
                              ^^^^^^^^^^^^^^^^^^^^^^^^^^^^^^^^^^^^^^^^^^^^^^^^^
  File "C:\Users\abdulhamid.abbad\Documents\Programming\myworld\Lib\site-packages\django\template\base.py", line 1005, in <listcomp>
    return SafeString("".join([node.render_annotated(context) for node in self]))
                               ^^^^^^^^^^^^^^^^^^^^^^^^^^^^^^
  File "C:\Users\abdulhamid.abbad\Documents\Programming\myworld\Lib\site-packages\django\template\base.py", line 966, in render_annotated
    return self.render(context)
           ^^^^^^^^^^^^^^^^^^^^
  File "C:\Users\abdulhamid.abbad\Documents\Programming\myworld\Lib\site-packages\django\template\loader_tags.py", line 132, in render
    compiled_parent = self.get_parent(context)
                      ^^^^^^^^^^^^^^^^^^^^^^^^
  File "C:\Users\abdulhamid.abbad\Documents\Programming\myworld\Lib\site-packages\django\template\loader_tags.py", line 129, in get_parent
    return self.find_template(parent, context)
           ^^^^^^^^^^^^^^^^^^^^^^^^^^^^^^^^^^^
  File "C:\Users\abdulhamid.abbad\Documents\Programming\myworld\Lib\site-packages\django\template\loader_tags.py", line 107, in find_template
    template, origin = context.template.engine.find_template(
                       ^^^^^^^^^^^^^^^^^^^^^^^^^^^^^^^^^^^^^^
  File "C:\Users\abdulhamid.abbad\Documents\Programming\myworld\Lib\site-packages\django\template\engine.py", line 157, in find_template
    template = loader.get_template(name, skip=skip)
               ^^^^^^^^^^^^^^^^^^^^^^^^^^^^^^^^^^^^
  File "C:\Users\abdulhamid.abbad\Documents\Programming\myworld\Lib\site-packages\django\template\loaders\cached.py", line 57, in get_template
    template = super().get_template(template_name, skip)
               ^^^^^^^^^^^^^^^^^^^^^^^^^^^^^^^^^^^^^^^^^
  File "C:\Users\abdulhamid.abbad\Documents\Programming\myworld\Lib\site-packages\django\template\loaders\base.py", line 28, in get_template
    return Template(
           ^^^^^^^^^
  File "C:\Users\abdulhamid.abbad\Documents\Programming\myworld\Lib\site-packages\django\template\base.py", line 154, in __init__
    self.nodelist = self.compile_nodelist()
                    ^^^^^^^^^^^^^^^^^^^^^^^
  File "C:\Users\abdulhamid.abbad\Documents\Programming\myworld\Lib\site-packages\django\template\base.py", line 200, in compile_nodelist
    return parser.parse()
           ^^^^^^^^^^^^^^
  File "C:\Users\abdulhamid.abbad\Documents\Programming\myworld\Lib\site-packages\django\template\base.py", line 507, in parse
    self.invalid_block_tag(token, command, parse_until)
  File "C:\Users\abdulhamid.abbad\Documents\Programming\myworld\Lib\site-packages\django\template\base.py", line 568, in invalid_block_tag
    raise self.error(
django.template.exceptions.TemplateSyntaxError: Invalid block tag on line 48: 'endblock'. Did you forget to register or load this tag?
03-Sep-23 10:51 - Internal Server Error: /
Traceback (most recent call last):
  File "C:\Users\abdulhamid.abbad\Documents\Programming\myworld\Lib\site-packages\django\template\base.py", line 505, in parse
    compile_func = self.tags[command]
                   ~~~~~~~~~^^^^^^^^^
KeyError: 'endblock'

During handling of the above exception, another exception occurred:

Traceback (most recent call last):
  File "C:\Users\abdulhamid.abbad\Documents\Programming\myworld\Lib\site-packages\django\core\handlers\exception.py", line 55, in inner
    response = get_response(request)
               ^^^^^^^^^^^^^^^^^^^^^
  File "C:\Users\abdulhamid.abbad\Documents\Programming\myworld\Lib\site-packages\django\core\handlers\base.py", line 197, in _get_response
    response = wrapped_callback(request, *callback_args, **callback_kwargs)
               ^^^^^^^^^^^^^^^^^^^^^^^^^^^^^^^^^^^^^^^^^^^^^^^^^^^^^^^^^^^^
  File "C:\Users\abdulhamid.abbad\Documents\Programming\myworld\Movies\MoviesList\views.py", line 25, in movies_list
    return render(request, 'movies_list.html', context)
           ^^^^^^^^^^^^^^^^^^^^^^^^^^^^^^^^^^^^^^^^^^^^
  File "C:\Users\abdulhamid.abbad\Documents\Programming\myworld\Lib\site-packages\django\shortcuts.py", line 24, in render
    content = loader.render_to_string(template_name, context, request, using=using)
              ^^^^^^^^^^^^^^^^^^^^^^^^^^^^^^^^^^^^^^^^^^^^^^^^^^^^^^^^^^^^^^^^^^^^^
  File "C:\Users\abdulhamid.abbad\Documents\Programming\myworld\Lib\site-packages\django\template\loader.py", line 62, in render_to_string
    return template.render(context, request)
           ^^^^^^^^^^^^^^^^^^^^^^^^^^^^^^^^^
  File "C:\Users\abdulhamid.abbad\Documents\Programming\myworld\Lib\site-packages\django\template\backends\django.py", line 61, in render
    return self.template.render(context)
           ^^^^^^^^^^^^^^^^^^^^^^^^^^^^^
  File "C:\Users\abdulhamid.abbad\Documents\Programming\myworld\Lib\site-packages\django\template\base.py", line 175, in render
    return self._render(context)
           ^^^^^^^^^^^^^^^^^^^^^
  File "C:\Users\abdulhamid.abbad\Documents\Programming\myworld\Lib\site-packages\django\template\base.py", line 167, in _render
    return self.nodelist.render(context)
           ^^^^^^^^^^^^^^^^^^^^^^^^^^^^^
  File "C:\Users\abdulhamid.abbad\Documents\Programming\myworld\Lib\site-packages\django\template\base.py", line 1005, in render
    return SafeString("".join([node.render_annotated(context) for node in self]))
                              ^^^^^^^^^^^^^^^^^^^^^^^^^^^^^^^^^^^^^^^^^^^^^^^^^
  File "C:\Users\abdulhamid.abbad\Documents\Programming\myworld\Lib\site-packages\django\template\base.py", line 1005, in <listcomp>
    return SafeString("".join([node.render_annotated(context) for node in self]))
                               ^^^^^^^^^^^^^^^^^^^^^^^^^^^^^^
  File "C:\Users\abdulhamid.abbad\Documents\Programming\myworld\Lib\site-packages\django\template\base.py", line 966, in render_annotated
    return self.render(context)
           ^^^^^^^^^^^^^^^^^^^^
  File "C:\Users\abdulhamid.abbad\Documents\Programming\myworld\Lib\site-packages\django\template\loader_tags.py", line 132, in render
    compiled_parent = self.get_parent(context)
                      ^^^^^^^^^^^^^^^^^^^^^^^^
  File "C:\Users\abdulhamid.abbad\Documents\Programming\myworld\Lib\site-packages\django\template\loader_tags.py", line 129, in get_parent
    return self.find_template(parent, context)
           ^^^^^^^^^^^^^^^^^^^^^^^^^^^^^^^^^^^
  File "C:\Users\abdulhamid.abbad\Documents\Programming\myworld\Lib\site-packages\django\template\loader_tags.py", line 107, in find_template
    template, origin = context.template.engine.find_template(
                       ^^^^^^^^^^^^^^^^^^^^^^^^^^^^^^^^^^^^^^
  File "C:\Users\abdulhamid.abbad\Documents\Programming\myworld\Lib\site-packages\django\template\engine.py", line 157, in find_template
    template = loader.get_template(name, skip=skip)
               ^^^^^^^^^^^^^^^^^^^^^^^^^^^^^^^^^^^^
  File "C:\Users\abdulhamid.abbad\Documents\Programming\myworld\Lib\site-packages\django\template\loaders\cached.py", line 57, in get_template
    template = super().get_template(template_name, skip)
               ^^^^^^^^^^^^^^^^^^^^^^^^^^^^^^^^^^^^^^^^^
  File "C:\Users\abdulhamid.abbad\Documents\Programming\myworld\Lib\site-packages\django\template\loaders\base.py", line 28, in get_template
    return Template(
           ^^^^^^^^^
  File "C:\Users\abdulhamid.abbad\Documents\Programming\myworld\Lib\site-packages\django\template\base.py", line 154, in __init__
    self.nodelist = self.compile_nodelist()
                    ^^^^^^^^^^^^^^^^^^^^^^^
  File "C:\Users\abdulhamid.abbad\Documents\Programming\myworld\Lib\site-packages\django\template\base.py", line 200, in compile_nodelist
    return parser.parse()
           ^^^^^^^^^^^^^^
  File "C:\Users\abdulhamid.abbad\Documents\Programming\myworld\Lib\site-packages\django\template\base.py", line 507, in parse
    self.invalid_block_tag(token, command, parse_until)
  File "C:\Users\abdulhamid.abbad\Documents\Programming\myworld\Lib\site-packages\django\template\base.py", line 568, in invalid_block_tag
    raise self.error(
django.template.exceptions.TemplateSyntaxError: Invalid block tag on line 49: 'endblock'. Did you forget to register or load this tag?
07-Sep-23 11:51 - Not Found: /favicon.ico
07-Sep-23 13:31 - Internal Server Error: /
Traceback (most recent call last):
  File "C:\Users\abdulhamid.abbad\Documents\Programming\myworld\Lib\site-packages\django\template\base.py", line 505, in parse
    compile_func = self.tags[command]
                   ~~~~~~~~~^^^^^^^^^
KeyError: "'C:\\Users\\abdulhamid.abbad\\Documents\\Programming\\myworld\\Movies\\MoviesList\\static\\kfupm-logo.jpeg'"

During handling of the above exception, another exception occurred:

Traceback (most recent call last):
  File "C:\Users\abdulhamid.abbad\Documents\Programming\myworld\Lib\site-packages\django\core\handlers\exception.py", line 55, in inner
    response = get_response(request)
               ^^^^^^^^^^^^^^^^^^^^^
  File "C:\Users\abdulhamid.abbad\Documents\Programming\myworld\Lib\site-packages\django\core\handlers\base.py", line 197, in _get_response
    response = wrapped_callback(request, *callback_args, **callback_kwargs)
               ^^^^^^^^^^^^^^^^^^^^^^^^^^^^^^^^^^^^^^^^^^^^^^^^^^^^^^^^^^^^
  File "C:\Users\abdulhamid.abbad\Documents\Programming\myworld\Movies\MoviesList\views.py", line 25, in movies_list
    return render(request, 'movies_list.html', context)
           ^^^^^^^^^^^^^^^^^^^^^^^^^^^^^^^^^^^^^^^^^^^^
  File "C:\Users\abdulhamid.abbad\Documents\Programming\myworld\Lib\site-packages\django\shortcuts.py", line 24, in render
    content = loader.render_to_string(template_name, context, request, using=using)
              ^^^^^^^^^^^^^^^^^^^^^^^^^^^^^^^^^^^^^^^^^^^^^^^^^^^^^^^^^^^^^^^^^^^^^
  File "C:\Users\abdulhamid.abbad\Documents\Programming\myworld\Lib\site-packages\django\template\loader.py", line 62, in render_to_string
    return template.render(context, request)
           ^^^^^^^^^^^^^^^^^^^^^^^^^^^^^^^^^
  File "C:\Users\abdulhamid.abbad\Documents\Programming\myworld\Lib\site-packages\django\template\backends\django.py", line 61, in render
    return self.template.render(context)
           ^^^^^^^^^^^^^^^^^^^^^^^^^^^^^
  File "C:\Users\abdulhamid.abbad\Documents\Programming\myworld\Lib\site-packages\django\template\base.py", line 175, in render
    return self._render(context)
           ^^^^^^^^^^^^^^^^^^^^^
  File "C:\Users\abdulhamid.abbad\Documents\Programming\myworld\Lib\site-packages\django\template\base.py", line 167, in _render
    return self.nodelist.render(context)
           ^^^^^^^^^^^^^^^^^^^^^^^^^^^^^
  File "C:\Users\abdulhamid.abbad\Documents\Programming\myworld\Lib\site-packages\django\template\base.py", line 1005, in render
    return SafeString("".join([node.render_annotated(context) for node in self]))
                              ^^^^^^^^^^^^^^^^^^^^^^^^^^^^^^^^^^^^^^^^^^^^^^^^^
  File "C:\Users\abdulhamid.abbad\Documents\Programming\myworld\Lib\site-packages\django\template\base.py", line 1005, in <listcomp>
    return SafeString("".join([node.render_annotated(context) for node in self]))
                               ^^^^^^^^^^^^^^^^^^^^^^^^^^^^^^
  File "C:\Users\abdulhamid.abbad\Documents\Programming\myworld\Lib\site-packages\django\template\base.py", line 966, in render_annotated
    return self.render(context)
           ^^^^^^^^^^^^^^^^^^^^
  File "C:\Users\abdulhamid.abbad\Documents\Programming\myworld\Lib\site-packages\django\template\loader_tags.py", line 132, in render
    compiled_parent = self.get_parent(context)
                      ^^^^^^^^^^^^^^^^^^^^^^^^
  File "C:\Users\abdulhamid.abbad\Documents\Programming\myworld\Lib\site-packages\django\template\loader_tags.py", line 129, in get_parent
    return self.find_template(parent, context)
           ^^^^^^^^^^^^^^^^^^^^^^^^^^^^^^^^^^^
  File "C:\Users\abdulhamid.abbad\Documents\Programming\myworld\Lib\site-packages\django\template\loader_tags.py", line 107, in find_template
    template, origin = context.template.engine.find_template(
                       ^^^^^^^^^^^^^^^^^^^^^^^^^^^^^^^^^^^^^^
  File "C:\Users\abdulhamid.abbad\Documents\Programming\myworld\Lib\site-packages\django\template\engine.py", line 157, in find_template
    template = loader.get_template(name, skip=skip)
               ^^^^^^^^^^^^^^^^^^^^^^^^^^^^^^^^^^^^
  File "C:\Users\abdulhamid.abbad\Documents\Programming\myworld\Lib\site-packages\django\template\loaders\cached.py", line 57, in get_template
    template = super().get_template(template_name, skip)
               ^^^^^^^^^^^^^^^^^^^^^^^^^^^^^^^^^^^^^^^^^
  File "C:\Users\abdulhamid.abbad\Documents\Programming\myworld\Lib\site-packages\django\template\loaders\base.py", line 28, in get_template
    return Template(
           ^^^^^^^^^
  File "C:\Users\abdulhamid.abbad\Documents\Programming\myworld\Lib\site-packages\django\template\base.py", line 154, in __init__
    self.nodelist = self.compile_nodelist()
                    ^^^^^^^^^^^^^^^^^^^^^^^
  File "C:\Users\abdulhamid.abbad\Documents\Programming\myworld\Lib\site-packages\django\template\base.py", line 200, in compile_nodelist
    return parser.parse()
           ^^^^^^^^^^^^^^
  File "C:\Users\abdulhamid.abbad\Documents\Programming\myworld\Lib\site-packages\django\template\base.py", line 513, in parse
    raise self.error(token, e)
  File "C:\Users\abdulhamid.abbad\Documents\Programming\myworld\Lib\site-packages\django\template\base.py", line 511, in parse
    compiled_result = compile_func(self, token)
                      ^^^^^^^^^^^^^^^^^^^^^^^^^
  File "C:\Users\abdulhamid.abbad\Documents\Programming\myworld\Lib\site-packages\django\template\loader_tags.py", line 232, in do_block
    nodelist = parser.parse(("endblock",))
               ^^^^^^^^^^^^^^^^^^^^^^^^^^^
  File "C:\Users\abdulhamid.abbad\Documents\Programming\myworld\Lib\site-packages\django\template\base.py", line 507, in parse
    self.invalid_block_tag(token, command, parse_until)
  File "C:\Users\abdulhamid.abbad\Documents\Programming\myworld\Lib\site-packages\django\template\base.py", line 558, in invalid_block_tag
    raise self.error(
django.template.exceptions.TemplateSyntaxError: Invalid block tag on line 15: ''C:\Users\abdulhamid.abbad\Documents\Programming\myworld\Movies\MoviesList\static\kfupm-logo.jpeg'', expected 'endblock'. Did you forget to register or load this tag?
